Arguments: 
  C:\Program Files\nodejs\node.exe C:\Program Files (x86)\Yarn\bin\yarn.js

PATH: 
  C:\Program Files (x86)\Google\Chrome\Application;C:\Python38\Scripts\;C:\Python38\;C:\Windows\system32;C:\Windows;C:\Windows\System32\Wbem;C:\Windows\System32\WindowsPowerShell\v1.0\;C:\Program Files (x86)\NVIDIA Corporation\PhysX\Common;C:\Program Files (x86)\Heroku\bin;C:\WINDOWS\system32;C:\WINDOWS;C:\WINDOWS\System32\Wbem;C:\WINDOWS\System32\WindowsPowerShell\v1.0\;C:\WINDOWS\System32\OpenSSH\;C:\Program Files\Microsoft VS Code\bin;C:\Program Files\NVIDIA Corporation\NVIDIA NvDLISR;C:\WINDOWS\system32;C:\WINDOWS;C:\WINDOWS\System32\Wbem;C:\WINDOWS\System32\WindowsPowerShell\v1.0\;C:\WINDOWS\System32\OpenSSH\;C:\Program Files\PuTTY\;C:\Program Files\Git\cmd;C:\Program Files\Git\mingw64\bin;C:\Program Files\Git\usr\bin;C:\Program Files (x86)\Yarn\bin\;C:\Program Files\nodejs\;C:\Program Files\Docker\Docker\resources\bin;C:\ProgramData\DockerDesktop\version-bin;C:\Users\davor\scoop\apps\nodejs\current\bin;C:\Users\davor\scoop\apps\nodejs\current;C:\Users\davor\scoop\apps\yarn\current\Yarn\bin;C:\Users\davor\scoop\apps\yarn\current\global\node_modules\.bin;C:\Users\davor\AppData\Local\scoop\apps\yarn\current\Yarn\bin;C:\Users\davor\AppData\Local\scoop\apps\yarn\current\bin;C:\Users\davor\AppData\Local\scoop\apps\openssl\1.0.2h\bin;C:\Users\davor\AppData\Local\scoop\apps\python\3.5.1\scripts;C:\Users\davor\AppData\Local\Programs\Python\Launcher\;C:\Users\davor\AppData\Local\scoop\apps\ruby\2.2.4\bin;C:\Users\davor\AppData\Local\scoop\shims;C:\ProgramData\chocolatey\bin;C:\Users\davor\.babun;C:\Users\davor\AppData\Local\Microsoft\WindowsApps;C:\WTServer\bin;C:\Program Files\Microsoft VS Code\bin;C:\Users\davor\AppData\Local\Programs\Fiddler;C:\Users\davor\AppData\Local\hyper\app-2.0.0\resources\bin;C:\Users\davor\AppData\Local\Programs\Microsoft VS Code\bin;C:\Users\davor\AppData\Local\GitHubDesktop\bin;C:\Program Files\heroku\bin;C:\Program Files (x86)\GitHub CLI\;C:\Users\davor\AppData\Local\Microsoft\WindowsApps;;C:\Program Files\JetBrains\PhpStorm 2020.1.3\bin;;C:\Users\davor\AppData\Local\Yarn\bin;C:\Users\davor\AppData\Roaming\npm

Yarn version: 
  1.22.4

Node version: 
  12.18.3

Platform: 
  win32 x64

Trace: 
  SyntaxError: C:\Users\davor\Documents\GitHub\projectflyer\package.json: Unexpected token } in JSON at position 77
      at JSON.parse (<anonymous>)
      at C:\Program Files (x86)\Yarn\lib\cli.js:1625:59
      at Generator.next (<anonymous>)
      at step (C:\Program Files (x86)\Yarn\lib\cli.js:310:30)
      at C:\Program Files (x86)\Yarn\lib\cli.js:321:13

npm manifest: 
  {
    "private": true,
    "devDependencies": {
      "laravel-mix": "^5.0.0"
    },
  }

yarn manifest: 
  No manifest

Lockfile: 
  No lockfile
